# JRE version: Java(TM) SE Runtime Environment (8.0_101-b13) (build 1.8.0_101-b13)
# Java VM: Java HotSpot(TM) 64-Bit Server VM (25.101-b13 mixed mode windows-amd64 compressed oops)
Heap:
 PSYoungGen      total 18432K, used 7996K [0x00000000eb600000, 0x00000000eca80000, 0x0000000100000000)
  eden space 15872K, 50% used [0x00000000eb600000,0x00000000ebdcf160,0x00000000ec580000)
  from space 2560K, 0% used [0x00000000ec580000,0x00000000ec580000,0x00000000ec800000)
  to   space 2560K, 0% used [0x00000000ec800000,0x00000000ec800000,0x00000000eca80000)
 ParOldGen       total 30720K, used 832K [0x00000000c2200000, 0x00000000c4000000, 0x00000000eb600000)
  object space 30720K, 2% used [0x00000000c2200000,0x00000000c22d02b0,0x00000000c4000000)
 Metaspace       used 10639K, capacity 10854K, committed 11008K, reserved 1062912K
  class space    used 1404K, capacity 1482K, committed 1536K, reserved 1048576K
GC Heap History (4 events):
Event: 0.403 GC heap before
{Heap before GC invocations=1 (full 0):
 PSYoungGen      total 18432K, used 2857K [0x00000000eb600000, 0x00000000eca80000, 0x0000000100000000)
  eden space 15872K, 18% used [0x00000000eb600000,0x00000000eb8ca678,0x00000000ec580000)
  from space 2560K, 0% used [0x00000000ec800000,0x00000000ec800000,0x00000000eca80000)
  to   space 2560K, 0% used [0x00000000ec580000,0x00000000ec580000,0x00000000ec800000)
 ParOldGen       total 42496K, used 0K [0x00000000c2200000, 0x00000000c4b80000, 0x00000000eb600000)
  object space 42496K, 0% used [0x00000000c2200000,0x00000000c2200000,0x00000000c4b80000)
 Metaspace       used 4802K, capacity 4936K, committed 4992K, reserved 1060864K
  class space    used 562K, capacity 625K, committed 640K, reserved 1048576K
Event: 0.406 GC heap after
Heap after GC invocations=1 (full 0):
 PSYoungGen      total 18432K, used 921K [0x00000000eb600000, 0x00000000eca80000, 0x0000000100000000)
  eden space 15872K, 0% used [0x00000000eb600000,0x00000000eb600000,0x00000000ec580000)
  from space 2560K, 35% used [0x00000000ec580000,0x00000000ec666620,0x00000000ec800000)
  to   space 2560K, 0% used [0x00000000ec800000,0x00000000ec800000,0x00000000eca80000)
 ParOldGen       total 42496K, used 8K [0x00000000c2200000, 0x00000000c4b80000, 0x00000000eb600000)
  object space 42496K, 0% used [0x00000000c2200000,0x00000000c2202000,0x00000000c4b80000)
 Metaspace       used 4802K, capacity 4936K, committed 4992K, reserved 1060864K
  class space    used 562K, capacity 625K, committed 640K, reserved 1048576K
}
Event: 0.406 GC heap before
{Heap before GC invocations=2 (full 1):
 PSYoungGen      total 18432K, used 921K [0x00000000eb600000, 0x00000000eca80000, 0x0000000100000000)
  eden space 15872K, 0% used [0x00000000eb600000,0x00000000eb600000,0x00000000ec580000)
  from space 2560K, 35% used [0x00000000ec580000,0x00000000ec666620,0x00000000ec800000)
  to   space 2560K, 0% used [0x00000000ec800000,0x00000000ec800000,0x00000000eca80000)
 ParOldGen       total 42496K, used 8K [0x00000000c2200000, 0x00000000c4b80000, 0x00000000eb600000)
  object space 42496K, 0% used [0x00000000c2200000,0x00000000c2202000,0x00000000c4b80000)
 Metaspace       used 4802K, capacity 4936K, committed 4992K, reserved 1060864K
  class space    used 562K, capacity 625K, committed 640K, reserved 1048576K
Event: 0.417 GC heap after
Heap after GC invocations=2 (full 1):
 PSYoungGen      total 18432K, used 0K [0x00000000eb600000, 0x00000000eca80000, 0x0000000100000000)
  eden space 15872K, 0% used [0x00000000eb600000,0x00000000eb600000,0x00000000ec580000)
  from space 2560K, 0% used [0x00000000ec580000,0x00000000ec580000,0x00000000ec800000)
  to   space 2560K, 0% used [0x00000000ec800000,0x00000000ec800000,0x00000000eca80000)
 ParOldGen       total 30720K, used 832K [0x00000000c2200000, 0x00000000c4000000, 0x00000000eb600000)
  object space 30720K, 2% used [0x00000000c2200000,0x00000000c22d02b0,0x00000000c4000000)
 Metaspace       used 4802K, capacity 4936K, committed 4992K, reserved 1058816K
  class space    used 562K, capacity 625K, committed 640K, reserved 1048576K
}

